run command python2.7 /streamings//t-hoarder/scripts/tweet_streaming_large.py /streamings/ ed-data2 my_app.key jabenitez881.key --words words.txt
-->File output:  /streamings//t-hoarder/store/streaming_ed-data2.txt
autenticated
track for ['eating disorders', ' bulimia', ' food issues', ' loss of appetite', ' food issue', ' food hater', ' eat healthier', ' disturbed eating habits', ' abnormal eating habits', ' abnormal eating habit']
Init Files_output /streamings//t-hoarder/store/ streaming_ed-data2 txt
First time, file number = 0
('Connection broken: IncompleteRead(0 bytes read)', IncompleteRead(0 bytes read))
run command python2.7 /streamings//t-hoarder/scripts/tweet_streaming_large.py /streamings/ ed-data2 my_app.key jabenitez881.key --words words.txt
-->File output:  /streamings//t-hoarder/store/streaming_ed-data2.txt
autenticated
track for ['eating disorders', ' bulimia', ' food issues', ' loss of appetite', ' food issue', ' food hater', ' eat healthier', ' disturbed eating habits', ' abnormal eating habits', ' abnormal eating habit']
Init Files_output /streamings//t-hoarder/store/ streaming_ed-data2 txt
('Connection broken: IncompleteRead(0 bytes read)', IncompleteRead(0 bytes read))
run command python2.7 /streamings//t-hoarder/scripts/tweet_streaming_large.py /streamings/ ed-data2 my_app.key jabenitez881.key --words words.txt
-->File output:  /streamings//t-hoarder/store/streaming_ed-data2.txt
autenticated
track for ['eating disorders', ' bulimia', ' food issues', ' loss of appetite', ' food issue', ' food hater', ' eat healthier', ' disturbed eating habits', ' abnormal eating habits', ' abnormal eating habit']
Init Files_output /streamings//t-hoarder/store/ streaming_ed-data2 txt
global name 'start_time' is not defined
run command python2.7 /streamings//t-hoarder/scripts/tweet_streaming_large.py /streamings/ ed-data2 my_app.key jabenitez881.key --words words.txt
-->File output:  /streamings//t-hoarder/store/streaming_ed-data2.txt
autenticated
track for ['eating disorders', ' bulimia', ' food issues', ' loss of appetite', ' food issue', ' food hater', ' eat healthier', ' disturbed eating habits', ' abnormal eating habits', ' abnormal eating habit']
Init Files_output /streamings//t-hoarder/store/ streaming_ed-data2 txt
[12.56567, 44.0600319]
global name 'start_time' is not defined
run command python2.7 /streamings//t-hoarder/scripts/tweet_streaming_large.py /streamings/ ed-data2 my_app.key jabenitez881.key --words words.txt
-->File output:  /streamings//t-hoarder/store/streaming_ed-data2.txt
autenticated
track for ['eating disorders', ' bulimia', ' food issues', ' loss of appetite', ' food issue', ' food hater', ' eat healthier', ' disturbed eating habits', ' abnormal eating habits', ' abnormal eating habit']
Init Files_output /streamings//t-hoarder/store/ streaming_ed-data2 txt
[-123.9400647, 49.1658836]
[-0.15564, 51.4233]
[12.56567, 44.0600319]
[12.56567, 44.0600319]
[12.56567, 44.0600319]
global name 'start_time' is not defined
run command python2.7 /streamings//t-hoarder/scripts/tweet_streaming_large.py /streamings/ ed-data2 my_app.key jabenitez881.key --words words.txt
-->File output:  /streamings//t-hoarder/store/streaming_ed-data2.txt
autenticated
track for ['eating disorders', ' bulimia', ' food issues', ' loss of appetite', ' food issue', ' food hater', ' eat healthier', ' disturbed eating habits', ' abnormal eating habits', ' abnormal eating habit']
Init Files_output /streamings//t-hoarder/store/ streaming_ed-data2 txt
[-79.461256, 44.059187]
[80.3259711, 26.4386866]
[12.56567, 44.0600319]
[-77.1571443, 38.8607388]
global name 'start_time' is not defined
run command python2.7 /streamings//t-hoarder/scripts/tweet_streaming_large.py /streamings/ ed-data2 my_app.key jabenitez881.key --words words.txt
-->File output:  /streamings//t-hoarder/store/streaming_ed-data2.txt
autenticated
track for ['eating disorders', ' bulimia', ' food issues', ' loss of appetite', ' food issue', ' food hater', ' eat healthier', ' disturbed eating habits', ' abnormal eating habits', ' abnormal eating habit']
Init Files_output /streamings//t-hoarder/store/ streaming_ed-data2 txt
[12.56567, 44.0600319]
[12.56567, 44.0600319]
[-79.461256, 44.059187]
global name 'start_time' is not defined
run command python2.7 /streamings//t-hoarder/scripts/tweet_streaming_large.py /streamings/ ed-data2 my_app.key jabenitez881.key --words words.txt
-->File output:  /streamings//t-hoarder/store/streaming_ed-data2.txt
autenticated
track for ['eating disorders', ' bulimia', ' food issues', ' loss of appetite', ' food issue', ' food hater', ' eat healthier', ' disturbed eating habits', ' abnormal eating habits', ' abnormal eating habit']
Init Files_output /streamings//t-hoarder/store/ streaming_ed-data2 txt
[-73.47935661, 45.6677507]
[-0.1373291, 51.49506473]
[-95.4612625, 30.1658207]
('Connection broken: IncompleteRead(0 bytes read)', IncompleteRead(0 bytes read))
run command python2.7 /streamings//t-hoarder/scripts/tweet_streaming_large.py /streamings/ ed-data2 my_app.key jabenitez881.key --words words.txt
-->File output:  /streamings//t-hoarder/store/streaming_ed-data2.txt
autenticated
track for ['eating disorders', ' bulimia', ' food issues', ' loss of appetite', ' food issue', ' food hater', ' eat healthier', ' disturbed eating habits', ' abnormal eating habits', ' abnormal eating habit']
Init Files_output /streamings//t-hoarder/store/ streaming_ed-data2 txt
('Connection broken: IncompleteRead(0 bytes read)', IncompleteRead(0 bytes read))
run command python2.7 /streamings//t-hoarder/scripts/tweet_streaming_large.py /streamings/ ed-data2 my_app.key jabenitez881.key --words words.txt
-->File output:  /streamings//t-hoarder/store/streaming_ed-data2.txt
autenticated
track for ['eating disorders', ' bulimia', ' food issues', ' loss of appetite', ' food issue', ' food hater', ' eat healthier', ' disturbed eating habits', ' abnormal eating habits', ' abnormal eating habit']
Init Files_output /streamings//t-hoarder/store/ streaming_ed-data2 txt
[-73.78734, 40.92053]
[-77.1571443, 38.8607388]
[-73.56726563, 45.63697547]
global name 'start_time' is not defined
run command python2.7 /streamings//t-hoarder/scripts/tweet_streaming_large.py /streamings/ ed-data2 my_app.key jabenitez881.key --words words.txt
-->File output:  /streamings//t-hoarder/store/streaming_ed-data2.txt
autenticated
track for ['eating disorders', ' bulimia', ' food issues', ' loss of appetite', ' food issue', ' food hater', ' eat healthier', ' disturbed eating habits', ' abnormal eating habits', ' abnormal eating habit']
Init Files_output /streamings//t-hoarder/store/ streaming_ed-data2 txt
[3.5295703, 6.6094463]
global name 'start_time' is not defined
run command python2.7 /streamings//t-hoarder/scripts/tweet_streaming_large.py /streamings/ ed-data2 my_app.key jabenitez881.key --words words.txt
-->File output:  /streamings//t-hoarder/store/streaming_ed-data2.txt
autenticated
track for ['eating disorders', ' bulimia', ' food issues', ' loss of appetite', ' food issue', ' food hater', ' eat healthier', ' disturbed eating habits', ' abnormal eating habits', ' abnormal eating habit']
Init Files_output /streamings//t-hoarder/store/ streaming_ed-data2 txt
[-77.6698106, 37.4036048]
[76.96931694, 28.38887254]
[12.56567, 44.0600319]
global name 'start_time' is not defined
run command python2.7 /streamings//t-hoarder/scripts/tweet_streaming_large.py /streamings/ ed-data2 my_app.key jabenitez881.key --words words.txt
-->File output:  /streamings//t-hoarder/store/streaming_ed-data2.txt
autenticated
track for ['eating disorders', ' bulimia', ' food issues', ' loss of appetite', ' food issue', ' food hater', ' eat healthier', ' disturbed eating habits', ' abnormal eating habits', ' abnormal eating habit']
Init Files_output /streamings//t-hoarder/store/ streaming_ed-data2 txt
[-73.56726563, 45.63697547]
[-92.3338, 38.9484]
global name 'start_time' is not defined
run command python2.7 /streamings//t-hoarder/scripts/tweet_streaming_large.py /streamings/ ed-data2 my_app.key jabenitez881.key --words words.txt
-->File output:  /streamings//t-hoarder/store/streaming_ed-data2.txt
autenticated
track for ['eating disorders', ' bulimia', ' food issues', ' loss of appetite', ' food issue', ' food hater', ' eat healthier', ' disturbed eating habits', ' abnormal eating habits', ' abnormal eating habit']
Init Files_output /streamings//t-hoarder/store/ streaming_ed-data2 txt
[-0.1373291, 51.49506473]
global name 'start_time' is not defined
run command python2.7 /streamings//t-hoarder/scripts/tweet_streaming_large.py /streamings/ ed-data2 my_app.key jabenitez881.key --words words.txt
-->File output:  /streamings//t-hoarder/store/streaming_ed-data2.txt
autenticated
track for ['eating disorders', ' bulimia', ' food issues', ' loss of appetite', ' food issue', ' food hater', ' eat healthier', ' disturbed eating habits', ' abnormal eating habits', ' abnormal eating habit']
Init Files_output /streamings//t-hoarder/store/ streaming_ed-data2 txt
("Connection broken: error(104, 'Connection reset by peer')", error(104, 'Connection reset by peer'))
run command python2.7 /streamings//t-hoarder/scripts/tweet_streaming_large.py /streamings/ ed-data2 my_app.key jabenitez881.key --words words.txt
-->File output:  /streamings//t-hoarder/store/streaming_ed-data2.txt
autenticated
track for ['eating disorders', ' bulimia', ' food issues', ' loss of appetite', ' food issue', ' food hater', ' eat healthier', ' disturbed eating habits', ' abnormal eating habits', ' abnormal eating habit']
Init Files_output /streamings//t-hoarder/store/ streaming_ed-data2 txt
("Connection broken: error(104, 'Connection reset by peer')", error(104, 'Connection reset by peer'))
run command python2.7 /streamings//t-hoarder/scripts/tweet_streaming_large.py /streamings/ ed-data2 my_app.key jabenitez881.key --words words.txt
tar: Removing leading `/' from member names
/streamings//t-hoarder/store/streaming_ed-data2_0.txt
-->File output:  /streamings//t-hoarder/store/streaming_ed-data2.txt
autenticated
track for ['eating disorders', ' bulimia', ' food issues', ' loss of appetite', ' food issue', ' food hater', ' eat healthier', ' disturbed eating habits', ' abnormal eating habits', ' abnormal eating habit']
Init Files_output /streamings//t-hoarder/store/ streaming_ed-data2 txt
new pack
tar -czvf /streamings//t-hoarder/store/streaming_ed-data2_0.txt.tar.gz /streamings//t-hoarder/store/streaming_ed-data2_0.txt

rm /streamings//t-hoarder/store/streaming_ed-data2_0.txt

[-99.14111108, 19.44789237]
[-99.17651411, 19.36616653]
global name 'start_time' is not defined
run command python2.7 /streamings//t-hoarder/scripts/tweet_streaming_large.py /streamings/ ed-data2 my_app.key jabenitez881.key --words words.txt
-->File output:  /streamings//t-hoarder/store/streaming_ed-data2.txt
autenticated
track for ['eating disorders', ' bulimia', ' food issues', ' loss of appetite', ' food issue', ' food hater', ' eat healthier', ' disturbed eating habits', ' abnormal eating habits', ' abnormal eating habit']
Init Files_output /streamings//t-hoarder/store/ streaming_ed-data2 txt
[-77.1571443, 38.8607388]
[12.56567, 44.0600319]
[-95.4612625, 30.1658207]
global name 'start_time' is not defined
run command python2.7 /streamings//t-hoarder/scripts/tweet_streaming_large.py /streamings/ ed-data2 my_app.key jabenitez881.key --words words.txt
-->File output:  /streamings//t-hoarder/store/streaming_ed-data2.txt
autenticated
track for ['eating disorders', ' bulimia', ' food issues', ' loss of appetite', ' food issue', ' food hater', ' eat healthier', ' disturbed eating habits', ' abnormal eating habits', ' abnormal eating habit']
Init Files_output /streamings//t-hoarder/store/ streaming_ed-data2 txt
[12.56567, 44.0600319]
[12.56567, 44.0600319]
[12.56567, 44.0600319]
[12.56567, 44.0600319]
[12.56567, 44.0600319]
global name 'start_time' is not defined
run command python2.7 /streamings//t-hoarder/scripts/tweet_streaming_large.py /streamings/ ed-data2 my_app.key jabenitez881.key --words words.txt
-->File output:  /streamings//t-hoarder/store/streaming_ed-data2.txt
autenticated
track for ['eating disorders', ' bulimia', ' food issues', ' loss of appetite', ' food issue', ' food hater', ' eat healthier', ' disturbed eating habits', ' abnormal eating habits', ' abnormal eating habit']
Init Files_output /streamings//t-hoarder/store/ streaming_ed-data2 txt
[12.56567, 44.0600319]
[-77.1571443, 38.8607388]
[12.56567, 44.0600319]
global name 'start_time' is not defined
run command python2.7 /streamings//t-hoarder/scripts/tweet_streaming_large.py /streamings/ ed-data2 my_app.key jabenitez881.key --words words.txt
-->File output:  /streamings//t-hoarder/store/streaming_ed-data2.txt
autenticated
track for ['eating disorders', ' bulimia', ' food issues', ' loss of appetite', ' food issue', ' food hater', ' eat healthier', ' disturbed eating habits', ' abnormal eating habits', ' abnormal eating habit']
Init Files_output /streamings//t-hoarder/store/ streaming_ed-data2 txt
('Connection broken: IncompleteRead(2 bytes read)', IncompleteRead(2 bytes read))
run command python2.7 /streamings//t-hoarder/scripts/tweet_streaming_large.py /streamings/ ed-data2 my_app.key jabenitez881.key --words words.txt
-->File output:  /streamings//t-hoarder/store/streaming_ed-data2.txt
autenticated
track for ['eating disorders', ' bulimia', ' food issues', ' loss of appetite', ' food issue', ' food hater', ' eat healthier', ' disturbed eating habits', ' abnormal eating habits', ' abnormal eating habit']
Init Files_output /streamings//t-hoarder/store/ streaming_ed-data2 txt
('Connection broken: IncompleteRead(0 bytes read)', IncompleteRead(0 bytes read))
run command python2.7 /streamings//t-hoarder/scripts/tweet_streaming_large.py /streamings/ ed-data2 my_app.key jabenitez881.key --words words.txt
-->File output:  /streamings//t-hoarder/store/streaming_ed-data2.txt
autenticated
track for ['eating disorders', ' bulimia', ' food issues', ' loss of appetite', ' food issue', ' food hater', ' eat healthier', ' disturbed eating habits', ' abnormal eating habits', ' abnormal eating habit']
Init Files_output /streamings//t-hoarder/store/ streaming_ed-data2 txt
('Connection broken: IncompleteRead(0 bytes read)', IncompleteRead(0 bytes read))
run command python2.7 /streamings//t-hoarder/scripts/tweet_streaming_large.py /streamings/ ed-data2 my_app.key jabenitez881.key --words words.txt
-->File output:  /streamings//t-hoarder/store/streaming_ed-data2.txt
autenticated
track for ['eating disorders', ' bulimia', ' food issues', ' loss of appetite', ' food issue', ' food hater', ' eat healthier', ' disturbed eating habits', ' abnormal eating habits', ' abnormal eating habit']
Init Files_output /streamings//t-hoarder/store/ streaming_ed-data2 txt
[12.56567, 44.0600319]
[12.56567, 44.0600319]
[-114.0342504, 35.2242981]
global name 'start_time' is not defined
run command python2.7 /streamings//t-hoarder/scripts/tweet_streaming_large.py /streamings/ ed-data2 my_app.key jabenitez881.key --words words.txt
-->File output:  /streamings//t-hoarder/store/streaming_ed-data2.txt
autenticated
track for ['eating disorders', ' bulimia', ' food issues', ' loss of appetite', ' food issue', ' food hater', ' eat healthier', ' disturbed eating habits', ' abnormal eating habits', ' abnormal eating habit']
Init Files_output /streamings//t-hoarder/store/ streaming_ed-data2 txt
[-79.461256, 44.059187]
[-73.56726563, 45.63697547]
[12.56567, 44.0600319]
[-97.7072153, 30.3272944]
global name 'start_time' is not defined
run command python2.7 /streamings//t-hoarder/scripts/tweet_streaming_large.py /streamings/ ed-data2 my_app.key jabenitez881.key --words words.txt
-->File output:  /streamings//t-hoarder/store/streaming_ed-data2.txt
autenticated
track for ['eating disorders', ' bulimia', ' food issues', ' loss of appetite', ' food issue', ' food hater', ' eat healthier', ' disturbed eating habits', ' abnormal eating habits', ' abnormal eating habit']
Init Files_output /streamings//t-hoarder/store/ streaming_ed-data2 txt
[-113.6293587, 53.653938]
('Connection broken: IncompleteRead(2 bytes read)', IncompleteRead(2 bytes read))
run command python2.7 /streamings//t-hoarder/scripts/tweet_streaming_large.py /streamings/ ed-data2 my_app.key jabenitez881.key --words words.txt
-->File output:  /streamings//t-hoarder/store/streaming_ed-data2.txt
autenticated
track for ['eating disorders', ' bulimia', ' food issues', ' loss of appetite', ' food issue', ' food hater', ' eat healthier', ' disturbed eating habits', ' abnormal eating habits', ' abnormal eating habit']
Init Files_output /streamings//t-hoarder/store/ streaming_ed-data2 txt
[12.56567, 44.0600319]
[12.56567, 44.0600319]
global name 'start_time' is not defined
run command python2.7 /streamings//t-hoarder/scripts/tweet_streaming_large.py /streamings/ ed-data2 my_app.key jabenitez881.key --words words.txt
-->File output:  /streamings//t-hoarder/store/streaming_ed-data2.txt
autenticated
track for ['eating disorders', ' bulimia', ' food issues', ' loss of appetite', ' food issue', ' food hater', ' eat healthier', ' disturbed eating habits', ' abnormal eating habits', ' abnormal eating habit']
Init Files_output /streamings//t-hoarder/store/ streaming_ed-data2 txt
('Connection broken: IncompleteRead(0 bytes read)', IncompleteRead(0 bytes read))
run command python2.7 /streamings//t-hoarder/scripts/tweet_streaming_large.py /streamings/ ed-data2 my_app.key jabenitez881.key --words words.txt
-->File output:  /streamings//t-hoarder/store/streaming_ed-data2.txt
autenticated
track for ['eating disorders', ' bulimia', ' food issues', ' loss of appetite', ' food issue', ' food hater', ' eat healthier', ' disturbed eating habits', ' abnormal eating habits', ' abnormal eating habit']
Init Files_output /streamings//t-hoarder/store/ streaming_ed-data2 txt
('Connection broken: IncompleteRead(0 bytes read)', IncompleteRead(0 bytes read))
run command python2.7 /streamings//t-hoarder/scripts/tweet_streaming_large.py /streamings/ ed-data2 my_app.key jabenitez881.key --words words.txt
-->File output:  /streamings//t-hoarder/store/streaming_ed-data2.txt
autenticated
track for ['eating disorders', ' bulimia', ' food issues', ' loss of appetite', ' food issue', ' food hater', ' eat healthier', ' disturbed eating habits', ' abnormal eating habits', ' abnormal eating habit']
Init Files_output /streamings//t-hoarder/store/ streaming_ed-data2 txt
[-77.1571443, 38.8607388]
[-122.419, 37.7793]
global name 'start_time' is not defined
run command python2.7 /streamings//t-hoarder/scripts/tweet_streaming_large.py /streamings/ ed-data2 my_app.key jabenitez881.key --words words.txt
-->File output:  /streamings//t-hoarder/store/streaming_ed-data2.txt
autenticated
track for ['eating disorders', ' bulimia', ' food issues', ' loss of appetite', ' food issue', ' food hater', ' eat healthier', ' disturbed eating habits', ' abnormal eating habits', ' abnormal eating habit']
Init Files_output /streamings//t-hoarder/store/ streaming_ed-data2 txt
[12.56567, 44.0600319]
[-1.415821, 50.916454]
[80.2751, 13.0812]
[-123.1041956, 45.5193448]
("Connection broken: error(104, 'Connection reset by peer')", error(104, 'Connection reset by peer'))
run command python2.7 /streamings//t-hoarder/scripts/tweet_streaming_large.py /streamings/ ed-data2 my_app.key jabenitez881.key --words words.txt
-->File output:  /streamings//t-hoarder/store/streaming_ed-data2.txt
autenticated
track for ['eating disorders', ' bulimia', ' food issues', ' loss of appetite', ' food issue', ' food hater', ' eat healthier', ' disturbed eating habits', ' abnormal eating habits', ' abnormal eating habit']
Init Files_output /streamings//t-hoarder/store/ streaming_ed-data2 txt
[67.01, 24.86]
[-79.461256, 44.059187]
[-77.1571443, 38.8607388]
[12.56567, 44.0600319]
[12.56567, 44.0600319]
[12.56567, 44.0600319]
global name 'start_time' is not defined
run command python2.7 /streamings//t-hoarder/scripts/tweet_streaming_large.py /streamings/ ed-data2 my_app.key jabenitez881.key --words words.txt
-->File output:  /streamings//t-hoarder/store/streaming_ed-data2.txt
autenticated
track for ['eating disorders', ' bulimia', ' food issues', ' loss of appetite', ' food issue', ' food hater', ' eat healthier', ' disturbed eating habits', ' abnormal eating habits', ' abnormal eating habit']
Init Files_output /streamings//t-hoarder/store/ streaming_ed-data2 txt
('Connection broken: IncompleteRead(0 bytes read)', IncompleteRead(0 bytes read))
run command python2.7 /streamings//t-hoarder/scripts/tweet_streaming_large.py /streamings/ ed-data2 my_app.key jabenitez881.key --words words.txt
-->File output:  /streamings//t-hoarder/store/streaming_ed-data2.txt
autenticated
track for ['eating disorders', ' bulimia', ' food issues', ' loss of appetite', ' food issue', ' food hater', ' eat healthier', ' disturbed eating habits', ' abnormal eating habits', ' abnormal eating habit']
Init Files_output /streamings//t-hoarder/store/ streaming_ed-data2 txt
('Connection broken: IncompleteRead(0 bytes read)', IncompleteRead(0 bytes read))
run command python2.7 /streamings//t-hoarder/scripts/tweet_streaming_large.py /streamings/ ed-data2 my_app.key jabenitez881.key --words words.txt
-->File output:  /streamings//t-hoarder/store/streaming_ed-data2.txt
autenticated
track for ['eating disorders', ' bulimia', ' food issues', ' loss of appetite', ' food issue', ' food hater', ' eat healthier', ' disturbed eating habits', ' abnormal eating habits', ' abnormal eating habit']
Init Files_output /streamings//t-hoarder/store/ streaming_ed-data2 txt
[12.56567, 44.0600319]
[12.56567, 44.0600319]
[12.56567, 44.0600319]
[101.61481686, 3.0904952]
[-77.1571443, 38.8607388]
[-0.02843, 51.5263]
global name 'start_time' is not defined
run command python2.7 /streamings//t-hoarder/scripts/tweet_streaming_large.py /streamings/ ed-data2 my_app.key jabenitez881.key --words words.txt
-->File output:  /streamings//t-hoarder/store/streaming_ed-data2.txt
autenticated
track for ['eating disorders', ' bulimia', ' food issues', ' loss of appetite', ' food issue', ' food hater', ' eat healthier', ' disturbed eating habits', ' abnormal eating habits', ' abnormal eating habit']
Init Files_output /streamings//t-hoarder/store/ streaming_ed-data2 txt
[-73.56300186, 45.49987026]
[12.56567, 44.0600319]
[12.56567, 44.0600319]
[12.56567, 44.0600319]
[12.56567, 44.0600319]
[12.56567, 44.0600319]
('Connection broken: IncompleteRead(2 bytes read)', IncompleteRead(2 bytes read))
run command python2.7 /streamings//t-hoarder/scripts/tweet_streaming_large.py /streamings/ ed-data2 my_app.key jabenitez881.key --words words.txt
-->File output:  /streamings//t-hoarder/store/streaming_ed-data2.txt
autenticated
track for ['eating disorders', ' bulimia', ' food issues', ' loss of appetite', ' food issue', ' food hater', ' eat healthier', ' disturbed eating habits', ' abnormal eating habits', ' abnormal eating habit']
Init Files_output /streamings//t-hoarder/store/ streaming_ed-data2 txt
('Connection broken: IncompleteRead(2 bytes read)', IncompleteRead(2 bytes read))
run command python2.7 /streamings//t-hoarder/scripts/tweet_streaming_large.py /streamings/ ed-data2 my_app.key jabenitez881.key --words words.txt
-->File output:  /streamings//t-hoarder/store/streaming_ed-data2.txt
autenticated
track for ['eating disorders', ' bulimia', ' food issues', ' loss of appetite', ' food issue', ' food hater', ' eat healthier', ' disturbed eating habits', ' abnormal eating habits', ' abnormal eating habit']
Init Files_output /streamings//t-hoarder/store/ streaming_ed-data2 txt
[-112.087, 33.45]
[12.56567, 44.0600319]
[12.56567, 44.0600319]
[12.56567, 44.0600319]
[12.56567, 44.0600319]
[-121.84383932, 47.52844369]
[12.56567, 44.0600319]
[-0.216993, 51.493729]
[-0.216993, 51.493729]
[-0.216993, 51.493729]
[-0.216993, 51.493729]
[-0.216993, 51.493729]
global name 'start_time' is not defined
run command python2.7 /streamings//t-hoarder/scripts/tweet_streaming_large.py /streamings/ ed-data2 my_app.key jabenitez881.key --words words.txt
tar: Removing leading `/' from member names
/streamings//t-hoarder/store/streaming_ed-data2_1.txt
-->File output:  /streamings//t-hoarder/store/streaming_ed-data2.txt
autenticated
track for ['eating disorders', ' bulimia', ' food issues', ' loss of appetite', ' food issue', ' food hater', ' eat healthier', ' disturbed eating habits', ' abnormal eating habits', ' abnormal eating habit']
Init Files_output /streamings//t-hoarder/store/ streaming_ed-data2 txt
new pack
tar -czvf /streamings//t-hoarder/store/streaming_ed-data2_1.txt.tar.gz /streamings//t-hoarder/store/streaming_ed-data2_1.txt

rm /streamings//t-hoarder/store/streaming_ed-data2_1.txt

[12.56567, 44.0600319]
[12.56567, 44.0600319]
global name 'start_time' is not defined
run command python2.7 /streamings//t-hoarder/scripts/tweet_streaming_large.py /streamings/ ed-data2 my_app.key jabenitez881.key --words words.txt
-->File output:  /streamings//t-hoarder/store/streaming_ed-data2.txt
autenticated
track for ['eating disorders', ' bulimia', ' food issues', ' loss of appetite', ' food issue', ' food hater', ' eat healthier', ' disturbed eating habits', ' abnormal eating habits', ' abnormal eating habit']
Init Files_output /streamings//t-hoarder/store/ streaming_ed-data2 txt
[12.56567, 44.0600319]
[12.56567, 44.0600319]
[12.56567, 44.0600319]
global name 'start_time' is not defined
run command python2.7 /streamings//t-hoarder/scripts/tweet_streaming_large.py /streamings/ ed-data2 my_app.key jabenitez881.key --words words.txt
-->File output:  /streamings//t-hoarder/store/streaming_ed-data2.txt
autenticated
track for ['eating disorders', ' bulimia', ' food issues', ' loss of appetite', ' food issue', ' food hater', ' eat healthier', ' disturbed eating habits', ' abnormal eating habits', ' abnormal eating habit']
Init Files_output /streamings//t-hoarder/store/ streaming_ed-data2 txt
[12.56567, 44.0600319]
[14.74927296, 36.9304356]
[12.56567, 44.0600319]
[12.56567, 44.0600319]
[-97.4255523, 37.6806375]
global name 'start_time' is not defined
run command python2.7 /streamings//t-hoarder/scripts/tweet_streaming_large.py /streamings/ ed-data2 my_app.key jabenitez881.key --words words.txt
-->File output:  /streamings//t-hoarder/store/streaming_ed-data2.txt
autenticated
track for ['eating disorders', ' bulimia', ' food issues', ' loss of appetite', ' food issue', ' food hater', ' eat healthier', ' disturbed eating habits', ' abnormal eating habits', ' abnormal eating habit']
Init Files_output /streamings//t-hoarder/store/ streaming_ed-data2 txt
[-76.7791745, 39.4209799]
[-0.216993, 51.493729]
[-77.47223, 38.31694]
('Connection broken: IncompleteRead(4 bytes read)', IncompleteRead(4 bytes read))
run command python2.7 /streamings//t-hoarder/scripts/tweet_streaming_large.py /streamings/ ed-data2 my_app.key jabenitez881.key --words words.txt
-->File output:  /streamings//t-hoarder/store/streaming_ed-data2.txt
autenticated
track for ['eating disorders', ' bulimia', ' food issues', ' loss of appetite', ' food issue', ' food hater', ' eat healthier', ' disturbed eating habits', ' abnormal eating habits', ' abnormal eating habit']
Init Files_output /streamings//t-hoarder/store/ streaming_ed-data2 txt
[12.56567, 44.0600319]
('Connection broken: IncompleteRead(2 bytes read)', IncompleteRead(2 bytes read))
run command python2.7 /streamings//t-hoarder/scripts/tweet_streaming_large.py /streamings/ ed-data2 my_app.key jabenitez881.key --words words.txt
-->File output:  /streamings//t-hoarder/store/streaming_ed-data2.txt
autenticated
track for ['eating disorders', ' bulimia', ' food issues', ' loss of appetite', ' food issue', ' food hater', ' eat healthier', ' disturbed eating habits', ' abnormal eating habits', ' abnormal eating habit']
Init Files_output /streamings//t-hoarder/store/ streaming_ed-data2 txt
[12.56567, 44.0600319]
[12.56567, 44.0600319]
[12.56567, 44.0600319]
[-76.614, 39.2944]
[51.212767, 25.269535]
[12.56567, 44.0600319]
global name 'start_time' is not defined
run command python2.7 /streamings//t-hoarder/scripts/tweet_streaming_large.py /streamings/ ed-data2 my_app.key jabenitez881.key --words words.txt
-->File output:  /streamings//t-hoarder/store/streaming_ed-data2.txt
autenticated
track for ['eating disorders', ' bulimia', ' food issues', ' loss of appetite', ' food issue', ' food hater', ' eat healthier', ' disturbed eating habits', ' abnormal eating habits', ' abnormal eating habit']
Init Files_output /streamings//t-hoarder/store/ streaming_ed-data2 txt
[12.56567, 44.0600319]
[12.56567, 44.0600319]
[12.56567, 44.0600319]
[12.56567, 44.0600319]
global name 'start_time' is not defined
run command python2.7 /streamings//t-hoarder/scripts/tweet_streaming_large.py /streamings/ ed-data2 my_app.key jabenitez881.key --words words.txt
-->File output:  /streamings//t-hoarder/store/streaming_ed-data2.txt
autenticated
track for ['eating disorders', ' bulimia', ' food issues', ' loss of appetite', ' food issue', ' food hater', ' eat healthier', ' disturbed eating habits', ' abnormal eating habits', ' abnormal eating habit']
Init Files_output /streamings//t-hoarder/store/ streaming_ed-data2 txt
[101.76522017, 3.03501194]
[12.56567, 44.0600319]
[12.56567, 44.0600319]
[12.56567, 44.0600319]
[-96.3102159, 32.572701]
global name 'start_time' is not defined
run command python2.7 /streamings//t-hoarder/scripts/tweet_streaming_large.py /streamings/ ed-data2 my_app.key jabenitez881.key --words words.txt
-->File output:  /streamings//t-hoarder/store/streaming_ed-data2.txt
autenticated
track for ['eating disorders', ' bulimia', ' food issues', ' loss of appetite', ' food issue', ' food hater', ' eat healthier', ' disturbed eating habits', ' abnormal eating habits', ' abnormal eating habit']
Init Files_output /streamings//t-hoarder/store/ streaming_ed-data2 txt
[12.56567, 44.0600319]
[12.56567, 44.0600319]
('Connection broken: IncompleteRead(0 bytes read)', IncompleteRead(0 bytes read))
run command python2.7 /streamings//t-hoarder/scripts/tweet_streaming_large.py /streamings/ ed-data2 my_app.key jabenitez881.key --words words.txt
-->File output:  /streamings//t-hoarder/store/streaming_ed-data2.txt
autenticated
track for ['eating disorders', ' bulimia', ' food issues', ' loss of appetite', ' food issue', ' food hater', ' eat healthier', ' disturbed eating habits', ' abnormal eating habits', ' abnormal eating habit']
Init Files_output /streamings//t-hoarder/store/ streaming_ed-data2 txt
('Connection broken: IncompleteRead(0 bytes read)', IncompleteRead(0 bytes read))
run command python2.7 /streamings//t-hoarder/scripts/tweet_streaming_large.py /streamings/ ed-data2 my_app.key jabenitez881.key --words words.txt
-->File output:  /streamings//t-hoarder/store/streaming_ed-data2.txt
autenticated
track for ['eating disorders', ' bulimia', ' food issues', ' loss of appetite', ' food issue', ' food hater', ' eat healthier', ' disturbed eating habits', ' abnormal eating habits', ' abnormal eating habit']
Init Files_output /streamings//t-hoarder/store/ streaming_ed-data2 txt
[12.56567, 44.0600319]
[77.19102783, 28.5974128]
[12.56567, 44.0600319]
[-87.0301022, 41.4690737]
global name 'start_time' is not defined
run command python2.7 /streamings//t-hoarder/scripts/tweet_streaming_large.py /streamings/ ed-data2 my_app.key jabenitez881.key --words words.txt
-->File output:  /streamings//t-hoarder/store/streaming_ed-data2.txt
autenticated
track for ['eating disorders', ' bulimia', ' food issues', ' loss of appetite', ' food issue', ' food hater', ' eat healthier', ' disturbed eating habits', ' abnormal eating habits', ' abnormal eating habit']
Init Files_output /streamings//t-hoarder/store/ streaming_ed-data2 txt
[12.56567, 44.0600319]
global name 'start_time' is not defined
run command python2.7 /streamings//t-hoarder/scripts/tweet_streaming_large.py /streamings/ ed-data2 my_app.key jabenitez881.key --words words.txt
-->File output:  /streamings//t-hoarder/store/streaming_ed-data2.txt
autenticated
track for ['eating disorders', ' bulimia', ' food issues', ' loss of appetite', ' food issue', ' food hater', ' eat healthier', ' disturbed eating habits', ' abnormal eating habits', ' abnormal eating habit']
Init Files_output /streamings//t-hoarder/store/ streaming_ed-data2 txt
[-1.8764948, 52.2044317]
[15.04627, 37.5726]
HTTPSConnectionPool(host='stream.twitter.com', port=443): Read timed out.
run command python2.7 /streamings//t-hoarder/scripts/tweet_streaming_large.py /streamings/ ed-data2 my_app.key jabenitez881.key --words words.txt
-->File output:  /streamings//t-hoarder/store/streaming_ed-data2.txt
autenticated
track for ['eating disorders', ' bulimia', ' food issues', ' loss of appetite', ' food issue', ' food hater', ' eat healthier', ' disturbed eating habits', ' abnormal eating habits', ' abnormal eating habit']
Init Files_output /streamings//t-hoarder/store/ streaming_ed-data2 txt
[12.56567, 44.0600319]
[12.56567, 44.0600319]
HTTPSConnectionPool(host='stream.twitter.com', port=443): Read timed out.
run command python2.7 /streamings//t-hoarder/scripts/tweet_streaming_large.py /streamings/ ed-data2 my_app.key jabenitez881.key --words words.txt
-->File output:  /streamings//t-hoarder/store/streaming_ed-data2.txt
autenticated
track for ['eating disorders', ' bulimia', ' food issues', ' loss of appetite', ' food issue', ' food hater', ' eat healthier', ' disturbed eating habits', ' abnormal eating habits', ' abnormal eating habit']
Init Files_output /streamings//t-hoarder/store/ streaming_ed-data2 txt
[77.27617188, 28.53861577]
[12.56567, 44.0600319]
[12.56567, 44.0600319]
global name 'start_time' is not defined
run command python2.7 /streamings//t-hoarder/scripts/tweet_streaming_large.py /streamings/ ed-data2 my_app.key jabenitez881.key --words words.txt
-->File output:  /streamings//t-hoarder/store/streaming_ed-data2.txt
autenticated
track for ['eating disorders', ' bulimia', ' food issues', ' loss of appetite', ' food issue', ' food hater', ' eat healthier', ' disturbed eating habits', ' abnormal eating habits', ' abnormal eating habit']
Init Files_output /streamings//t-hoarder/store/ streaming_ed-data2 txt
[-111.84356495, 33.38044687]
[12.56567, 44.0600319]
global name 'start_time' is not defined
run command python2.7 /streamings//t-hoarder/scripts/tweet_streaming_large.py /streamings/ ed-data2 my_app.key jabenitez881.key --words words.txt
-->File output:  /streamings//t-hoarder/store/streaming_ed-data2.txt
autenticated
track for ['eating disorders', ' bulimia', ' food issues', ' loss of appetite', ' food issue', ' food hater', ' eat healthier', ' disturbed eating habits', ' abnormal eating habits', ' abnormal eating habit']
Init Files_output /streamings//t-hoarder/store/ streaming_ed-data2 txt
[-86.1669903, 40.491443]
[12.56567, 44.0600319]
[12.56567, 44.0600319]
[12.56567, 44.0600319]
[-79.461256, 44.059187]
('Connection broken: IncompleteRead(0 bytes read)', IncompleteRead(0 bytes read))
run command python2.7 /streamings//t-hoarder/scripts/tweet_streaming_large.py /streamings/ ed-data2 my_app.key jabenitez881.key --words words.txt
-->File output:  /streamings//t-hoarder/store/streaming_ed-data2.txt
autenticated
track for ['eating disorders', ' bulimia', ' food issues', ' loss of appetite', ' food issue', ' food hater', ' eat healthier', ' disturbed eating habits', ' abnormal eating habits', ' abnormal eating habit']
Init Files_output /streamings//t-hoarder/store/ streaming_ed-data2 txt
('Connection broken: IncompleteRead(0 bytes read)', IncompleteRead(0 bytes read))
run command python2.7 /streamings//t-hoarder/scripts/tweet_streaming_large.py /streamings/ ed-data2 my_app.key jabenitez881.key --words words.txt
tar: Removing leading `/' from member names
/streamings//t-hoarder/store/streaming_ed-data2_2.txt
-->File output:  /streamings//t-hoarder/store/streaming_ed-data2.txt
autenticated
track for ['eating disorders', ' bulimia', ' food issues', ' loss of appetite', ' food issue', ' food hater', ' eat healthier', ' disturbed eating habits', ' abnormal eating habits', ' abnormal eating habit']
Init Files_output /streamings//t-hoarder/store/ streaming_ed-data2 txt
[-3.6260611, 40.54751821]
[-73.5744, 45.5038]
new pack
tar -czvf /streamings//t-hoarder/store/streaming_ed-data2_2.txt.tar.gz /streamings//t-hoarder/store/streaming_ed-data2_2.txt

rm /streamings//t-hoarder/store/streaming_ed-data2_2.txt

[12.56567, 44.0600319]
global name 'start_time' is not defined
run command python2.7 /streamings//t-hoarder/scripts/tweet_streaming_large.py /streamings/ ed-data2 my_app.key jabenitez881.key --words words.txt
-->File output:  /streamings//t-hoarder/store/streaming_ed-data2.txt
autenticated
track for ['eating disorders', ' bulimia', ' food issues', ' loss of appetite', ' food issue', ' food hater', ' eat healthier', ' disturbed eating habits', ' abnormal eating habits', ' abnormal eating habit']
Init Files_output /streamings//t-hoarder/store/ streaming_ed-data2 txt
[101.5983, 3.1581]
global name 'start_time' is not defined
run command python2.7 /streamings//t-hoarder/scripts/tweet_streaming_large.py /streamings/ ed-data2 my_app.key jabenitez881.key --words words.txt
-->File output:  /streamings//t-hoarder/store/streaming_ed-data2.txt
autenticated
track for ['eating disorders', ' bulimia', ' food issues', ' loss of appetite', ' food issue', ' food hater', ' eat healthier', ' disturbed eating habits', ' abnormal eating habits', ' abnormal eating habit']
Init Files_output /streamings//t-hoarder/store/ streaming_ed-data2 txt
[0.02667, 51.5643]
[12.56567, 44.0600319]
[-2.93343249, 50.72448784]
[-87.2137571, 33.885664]
global name 'start_time' is not defined
run command python2.7 /streamings//t-hoarder/scripts/tweet_streaming_large.py /streamings/ ed-data2 my_app.key jabenitez881.key --words words.txt
-->File output:  /streamings//t-hoarder/store/streaming_ed-data2.txt
autenticated
track for ['eating disorders', ' bulimia', ' food issues', ' loss of appetite', ' food issue', ' food hater', ' eat healthier', ' disturbed eating habits', ' abnormal eating habits', ' abnormal eating habit']
Init Files_output /streamings//t-hoarder/store/ streaming_ed-data2 txt
[12.56567, 44.0600319]
[12.56567, 44.0600319]
global name 'start_time' is not defined
run command python2.7 /streamings//t-hoarder/scripts/tweet_streaming_large.py /streamings/ ed-data2 my_app.key jabenitez881.key --words words.txt
-->File output:  /streamings//t-hoarder/store/streaming_ed-data2.txt
autenticated
track for ['eating disorders', ' bulimia', ' food issues', ' loss of appetite', ' food issue', ' food hater', ' eat healthier', ' disturbed eating habits', ' abnormal eating habits', ' abnormal eating habit']
Init Files_output /streamings//t-hoarder/store/ streaming_ed-data2 txt
[-73.56726563, 45.63697547]
global name 'start_time' is not defined
run command python2.7 /streamings//t-hoarder/scripts/tweet_streaming_large.py /streamings/ ed-data2 my_app.key jabenitez881.key --words words.txt
-->File output:  /streamings//t-hoarder/store/streaming_ed-data2.txt
autenticated
track for ['eating disorders', ' bulimia', ' food issues', ' loss of appetite', ' food issue', ' food hater', ' eat healthier', ' disturbed eating habits', ' abnormal eating habits', ' abnormal eating habit']
Init Files_output /streamings//t-hoarder/store/ streaming_ed-data2 txt
[-73.56726563, 45.63697547]
[12.56567, 44.0600319]
[12.56567, 44.0600319]
[-122.3477486, 37.9357576]
[12.56567, 44.0600319]
[-86.53845, 34.671367]
('Connection broken: IncompleteRead(0 bytes read)', IncompleteRead(0 bytes read))
run command python2.7 /streamings//t-hoarder/scripts/tweet_streaming_large.py /streamings/ ed-data2 my_app.key jabenitez881.key --words words.txt
-->File output:  /streamings//t-hoarder/store/streaming_ed-data2.txt
autenticated
track for ['eating disorders', ' bulimia', ' food issues', ' loss of appetite', ' food issue', ' food hater', ' eat healthier', ' disturbed eating habits', ' abnormal eating habits', ' abnormal eating habit']
Init Files_output /streamings//t-hoarder/store/ streaming_ed-data2 txt
[0.58585882, 51.57061738]
('Connection broken: IncompleteRead(0 bytes read)', IncompleteRead(0 bytes read))
run command python2.7 /streamings//t-hoarder/scripts/tweet_streaming_large.py /streamings/ ed-data2 my_app.key jabenitez881.key --words words.txt
-->File output:  /streamings//t-hoarder/store/streaming_ed-data2.txt
autenticated
track for ['eating disorders', ' bulimia', ' food issues', ' loss of appetite', ' food issue', ' food hater', ' eat healthier', ' disturbed eating habits', ' abnormal eating habits', ' abnormal eating habit']
Init Files_output /streamings//t-hoarder/store/ streaming_ed-data2 txt
[12.56567, 44.0600319]
[-81.8571, 26.6318]
[12.56567, 44.0600319]
global name 'start_time' is not defined
run command python2.7 /streamings//t-hoarder/scripts/tweet_streaming_large.py /streamings/ ed-data2 my_app.key jabenitez881.key --words words.txt
